Loaded suite ../test/tc_colgroup
Started

../../Input/ut_group.csv
========================
.
../../Input/ut_group.csv
========================
F
===============================================================================
Failure: test_asis_1(TestColGroup)
../test/tc_colgroup.rb:82:in `do_test_asis'
../test/tc_colgroup.rb:104:in `test_asis_1'
     101: 
     102:   ************************************************************************************************'''
     103:   def test_asis_0; do_test_asis(0) end
  => 104:   def test_asis_1; do_test_asis(1) end
     105:   def test_bykey_0; do_test_by_key(0) end
     106:   def test_bykey_1; do_test_by_key(1) end
     107:   def test_byvalue_0; do_test_by_value(0) end
Count rows
<2> expected but was
<1>
===============================================================================

../../Input/ut_group.csv
========================
F
===============================================================================
Failure: test_bykey_0(TestColGroup)
../test/tc_colgroup.rb:87:in `do_test_by_key'
../test/tc_colgroup.rb:105:in `test_bykey_0'
     102:   ************************************************************************************************'''
     103:   def test_asis_0; do_test_asis(0) end
     104:   def test_asis_1; do_test_asis(1) end
  => 105:   def test_bykey_0; do_test_by_key(0) end
     106:   def test_bykey_1; do_test_by_key(1) end
     107:   def test_byvalue_0; do_test_by_value(0) end
     108:   def test_byvalue_1; do_test_by_value(1) end
Compare tuple-lists for key-sorting
<[["A", 2], ["Bx", 1], ["Cc", 1]]> expected but was
<[["A", 2], ["B", 1], ["Cc", 1]]>

diff:
? [["A", 2], ["Bx", 1], ["Cc", 1]]
===============================================================================

../../Input/ut_group.csv
========================
.
../../Input/ut_group.csv
========================
.
../../Input/ut_group.csv
========================
.

Finished in 0.027514 seconds.
------
6 tests, 6 assertions, 2 failures, 0 errors, 0 pendings, 0 omissions, 0 notifications
66.6667% passed
------
218.07 tests/s, 218.07 assertions/s
