Synomym creation TO lib objects
===============================

Synonym created.


Synonym created.


Synonym created.


Synonym created.


Synonym created.


Synonym created.


Synonym created.


Synonym created.


Synonym created.


Synonym created.


Synonym created.

EXTERNAL table creation
=======================
Create lines_et
DROP TABLE lines_et
           *
ERROR at line 1:
ORA-00942: table or view does not exist



Table created.

Types creation
==============

Type created.


Type created.

Packages creation
=================
Create package Col_Group

Package created.

No errors.

Package body created.

No errors.

Grant succeeded.

Create package TT_Col_Group

Package created.

No errors.

Package body created.

No errors.

Grant succeeded.

Create package UT_Col_Group

Package created.

No errors.

Package body created.

No errors.

Grant succeeded.


PL/SQL procedure successfully completed.

