
PL/SQL procedure successfully completed.


TEXT
----------------------------------------------------------------------------------------------------------------------------------------------------------------------------------------------------------------------------------------------------------------------------------------------------------------------------------------------------------------------------------------------------------------------------------------------------------------------------------------------------------------------------------------------------------------------------------------------------------------------------------------------------------------------------------------------------------------------------------------------------------------------------------------------------------------------------------------------------------------------------------------------------------------------------------------------------------------------------------------------------------------------------------------------------------------------------------------------------------------------------------------------------------------------------------------------------------------------------------------------------------------------------------------------------------------------------------------------------------------------------------------------------------------------------------------------------------------------------------------------------------------------------------------------------------------------------------------------------------------------------------------------------------------------------------------------------------------------------------------------------------------------------------------------------------------------------------------------------------------------------------------------------------------------------------------------------------------------------------------------------------------------------------------------------------------------------------------------------------------------------------------------------------------------------------------------------------------------------------------------------------------------------------------------------------------------------------------------------------------------------------------------------------------------------------------------------------------------------------------------------------------------------------------------------------------------------------------------------------------------------------------------------------------------------------------------------------------------------------------------------------------------------------------------------------------------------------------------------------------------------------------------------------------------------------------------------------------------------------------------------------------------------------------------------------------------------------------------------------------------------------------------------------------------------------------------------------------------------------------------------------------------------------------------------------------------------------------------------------------------------------------------------------------------------------------------------------------------------------------------------------------------------------------------------------------------------------------------------------------------------------------------------------------------------------------------------------------------------------------------------------------------------------------------------------------------------------------------------------------------------------------------------------------------------------------------------------------------------------------------------------------------------------------------------------------------------------------------------------------------------------------------------------------

TRAPIT TEST: Col_Group.tt_AIP_List_Asis
=======================================

SCENARIO 1: Tie-break/single-delimiter/interior column {
========================================================

    INPUTS
    ======

        GROUP Parameter {
        =================

            File Name  Delimiter  Column
            ---------  ---------  ------
            lines.csv  ,               3

        }
        =

        GROUP File {
        ============

            Line
            -----------
            0,1,Cc,3
            00,1,A,9
            000,1,B,27
            0000,1,A,81

        }
        =

    OUTPUTS
    =======

        GROUP Counts: Actual = 1, Expected = 1 {
        ========================================

            F?  #Records
            --  --------
                       3

        } 0 failed, of 1: SUCCESS
        =========================

} 0 failed, of 1: SUCCESS
=========================

SCENARIO 2: Two copies/double-delimiter/first column {
======================================================

    INPUTS
    ======

        GROUP Parameter {
        =================

            File Name  Delimiter  Column
            ---------  ---------  ------
            lines.csv  ;;              1

        }
        =

        GROUP File {
        ============

            Line
            -------
            X;;1;;A
            X;;1;;A

        }
        =

    OUTPUTS
    =======

        GROUP Counts: Actual = 1, Expected = 1 {
        ========================================

            F?  #Records
            --  --------
            F          1
            >          2

        } 1 failed, of 1: FAILURE
        =========================

} 1 failed, of 1: FAILURE
=========================

TIMING: Actual = 0, Expected <= 2: SUCCESS
==========================================

SUMMARY for Col_Group.tt_AIP_List_Asis
======================================

Scenario                                    # Failed  # Tests  Status
------------------------------------------  --------  -------  -------
Tie-break/single-delimiter/interior column         0        1  SUCCESS
Two copies/double-delimiter/first column           1        1  FAILURE
Timing                                             0        1  SUCCESS
------------------------------------------  --------  -------  -------
Total                                              1        3  FAILURE
------------------------------------------  --------  -------  -------

Timer Set: Col_Group.tt_AIP_List_Asis, Constructed at 13 Nov 2016 09:07:08, written at 09:07:08
===============================================================================================
[Timer timed: Elapsed (per call): 0.01 (0.000006), CPU (per call): 0.00 (0.000000), calls: 1000, '***' denotes corrected line below]

Timer       Elapsed         CPU         Calls       Ela/Call       CPU/Call
-------  ----------  ----------  ------------  -------------  -------------
Setup          0.07        0.03             2        0.03700        0.01500
Caller         0.00        0.00             2        0.00000        0.00000
(Other)        0.01        0.01             1        0.00900        0.01000
-------  ----------  ----------  ------------  -------------  -------------
Total          0.08        0.04             5        0.01660        0.00800
-------  ----------  ----------  ------------  -------------  -------------

TRAPIT TEST: Col_Group.tt_AIP_Sort_By_Key
=========================================

SCENARIO 1: Tie-break/single-delimiter/interior column {
========================================================

    INPUTS
    ======

        GROUP Parameter {
        =================

            File Name  Delimiter  Column
            ---------  ---------  ------
            lines.csv  ,               3

        }
        =

        GROUP File {
        ============

            Line
            -----------
            0,1,Cc,3
            00,1,A,9
            000,1,B,27
            0000,1,A,81

        }
        =

    OUTPUTS
    =======

        GROUP Sorted Array: Actual = 3, Expected = 3 {
        ==============================================

            F?  Key  Count
            --  ---  -----
                A        2
            F   B        1
            >   Bx       1
                Cc       1

        } 1 failed, of 3: FAILURE
        =========================

} 1 failed, of 3: FAILURE
=========================

SCENARIO 2: Two copies/double-delimiter/first column {
======================================================

    INPUTS
    ======

        GROUP Parameter {
        =================

            File Name  Delimiter  Column
            ---------  ---------  ------
            lines.csv  ;;              1

        }
        =

        GROUP File {
        ============

            Line
            -------
            X;;1;;A
            X;;1;;A

        }
        =

    OUTPUTS
    =======

        GROUP Sorted Array: Actual = 1, Expected = 1 {
        ==============================================

            F?  Key  Count
            --  ---  -----
                X        2

        } 0 failed, of 1: SUCCESS
        =========================

} 0 failed, of 1: SUCCESS
=========================

TIMING: Actual = 2, Expected <= 2: SUCCESS
==========================================

SUMMARY for Col_Group.tt_AIP_Sort_By_Key
========================================

Scenario                                    # Failed  # Tests  Status
------------------------------------------  --------  -------  -------
Tie-break/single-delimiter/interior column         1        3  FAILURE
Two copies/double-delimiter/first column           0        1  SUCCESS
Timing                                             0        1  SUCCESS
------------------------------------------  --------  -------  -------
Total                                              1        5  FAILURE
------------------------------------------  --------  -------  -------

Timer Set: Col_Group.tt_AIP_Sort_By_Key, Constructed at 13 Nov 2016 09:07:08, written at 09:07:08
=================================================================================================
[Timer timed: Elapsed (per call): 0.01 (0.000006), CPU (per call): 0.00 (0.000000), calls: 1000, '***' denotes corrected line below]

Timer       Elapsed         CPU         Calls       Ela/Call       CPU/Call
-------  ----------  ----------  ------------  -------------  -------------
Setup          0.03        0.03             2        0.01400        0.01500
Caller         0.00        0.00             2        0.00150        0.00000
(Other)        0.01        0.02             1        0.01000        0.02000
-------  ----------  ----------  ------------  -------------  -------------
Total          0.04        0.05             5        0.00820        0.01000
-------  ----------  ----------  ------------  -------------  -------------

TRAPIT TEST: Col_Group.tt_AIP_Sort_By_vALUE
===========================================

SCENARIO 1: Tie-break/single-delimiter/interior column {
========================================================

    INPUTS
    ======

        GROUP Parameter {
        =================

            File Name  Delimiter  Column
            ---------  ---------  ------
            lines.csv  ,               3

        }
        =

        GROUP File {
        ============

            Line
            -----------
            0,1,Cc,3
            00,1,A,9
            000,1,B,27
            0000,1,A,81

        }
        =

    OUTPUTS
    =======

        GROUP Sorted Array: Actual = 3, Expected = 3 {
        ==============================================

            F?  Key  Count
            --  ---  -----
                B        1
                Cc       1
                A        2

        } 0 failed, of 3: SUCCESS
        =========================

} 0 failed, of 3: SUCCESS
=========================

SCENARIO 2: Two copies/double-delimiter/first column {
======================================================

    INPUTS
    ======

        GROUP Parameter {
        =================

            File Name  Delimiter  Column
            ---------  ---------  ------
            lines.csv  ;;              1

        }
        =

        GROUP File {
        ============

            Line
            -------
            X;;1;;A
            X;;1;;A

        }
        =

    OUTPUTS
    =======

        GROUP Sorted Array: Actual = 1, Expected = 1 {
        ==============================================

            F?  Key  Count
            --  ---  -----
                X        2

        } 0 failed, of 1: SUCCESS
        =========================

} 0 failed, of 1: SUCCESS
=========================

TIMING: Actual = 1, Expected <= 2: SUCCESS
==========================================

SUMMARY for Col_Group.tt_AIP_Sort_By_vALUE
==========================================

Scenario                                    # Failed  # Tests  Status
------------------------------------------  --------  -------  -------
Tie-break/single-delimiter/interior column         0        3  SUCCESS
Two copies/double-delimiter/first column           0        1  SUCCESS
Timing                                             0        1  SUCCESS
------------------------------------------  --------  -------  -------
Total                                              0        5  SUCCESS
------------------------------------------  --------  -------  -------

Timer Set: Col_Group.tt_AIP_Sort_By_vALUE, Constructed at 13 Nov 2016 09:07:08, written at 09:07:08
===================================================================================================
[Timer timed: Elapsed (per call): 0.01 (0.000008), CPU (per call): 0.01 (0.000010), calls: 1000, '***' denotes corrected line below]

Timer       Elapsed         CPU         Calls       Ela/Call       CPU/Call
-------  ----------  ----------  ------------  -------------  -------------
Setup          0.03        0.03             2        0.01450        0.01500
Caller         0.00        0.00             2        0.00050        0.00000
(Other)        0.01        0.02             1        0.01100        0.02000
-------  ----------  ----------  ------------  -------------  -------------
Total          0.04        0.05             5        0.00820        0.01000
-------  ----------  ----------  ------------  -------------  -------------

Suite Summary
=============

Package.Procedure               Tests  Fails         ELA         CPU
------------------------------  -----  -----  ----------  ----------
Col_Group.tt_AIP_List_Asis          3      1        0.08        0.04
Col_Group.tt_AIP_Sort_By_Key        5      1        0.04        0.05
Col_Group.tt_AIP_Sort_By_vALUE      5      0        0.04        0.05
------------------------------  -----  -----  ----------  ----------
Total                              13      2        0.17        0.14
------------------------------  -----  -----  ----------  ----------
Others error in (): ORA-20001: Suite BRENDAN returned error status: ORA-06512: at "LIB.UTILS_TT", line 152
ORA-06512: at "LIB.UTILS_TT", line 819
ORA-06512: at line 5


376 rows selected.

