Opening file ../../Input/fantasy_premier_league_player_stats.csv

Counts sorted by (as is)
========================
Team         #apps
-----------  -----
Tottenham     1288
Wigan         1036
QPR           1517
Aston Villa    685
team_name_2      1
Norwich       1229
West Brom     1219
Man City      1099
Blackburn       33
Liverpool     1227
Stoke City    1170
Arsenal        534
Swansea       1180
Wolves          31
Newcastle     1247
Fulham        1209
team_name_1      1
Reading       1167
Sunderland    1162
Southampton   1110
Everton       1147
Bolton          37
West Ham      1126
Chelsea       1147
Man Utd       1231

Counts sorted by (as is)
========================
Team         #apps
-----------  -----
Arsenal        534
Aston Villa    685
Blackburn       33
Bolton          37
Chelsea       1147
Everton       1147
Fulham        1209
Liverpool     1227
Man City      1099
Man Utd       1231
Newcastle     1247
Norwich       1229
QPR           1517
Reading       1167
Southampton   1110
Stoke City    1170
Sunderland    1162
Swansea       1180
Tottenham     1288
West Brom     1219
West Ham      1126
Wigan         1036
Wolves          31
team_name_1      1
team_name_2      1

Counts sorted by (as is)
========================
Team         #apps
-----------  -----
team_name_1      1
team_name_2      1
Wolves          31
Blackburn       33
Bolton          37
Arsenal        534
Aston Villa    685
Wigan         1036
Man City      1099
Southampton   1110
West Ham      1126
Chelsea       1147
Everton       1147
Sunderland    1162
Reading       1167
Stoke City    1170
Swansea       1180
Fulham        1209
West Brom     1219
Liverpool     1227
Norwich       1229
Man Utd       1231
Newcastle     1247
Tottenham     1288
QPR           1517

Counts sorted by (as is)
========================
Team         #apps
-----------  -----
team_name_1      1
team_name_2      1
Wolves          31
Blackburn       33
Bolton          37
Arsenal        534
Aston Villa    685
Wigan         1036
Man City      1099
Southampton   1110
West Ham      1126
Chelsea       1147
Everton       1147
Sunderland    1162
Reading       1167
Stoke City    1170
Swansea       1180
Fulham        1209
West Brom     1219
Liverpool     1227
Norwich       1229
Man Utd       1231
Newcastle     1247
Tottenham     1288
QPR           1517

Timer set: Timer_x, constructed at 2016-10-30 14:34:12, written at 2016-10-30 14:34:12
======================================================================================
[Timer timed: Elapsed (per call): 0.00 (0.00000), CPU (per call): 0.01 (0.00000), calls: 10000, "***" denotes corrected line below]

Timer                    Elapsed         CPU       Calls       Ela/Call       CPU/Call
--------------------  ----------  ----------  ----------  -------------  -------------
ColGroup                    0.05        0.04           1        0.04688        0.03991
list_as_is                  0.00        0.00           1        0.00000        0.00012
sort_by_key                 0.00        0.00           1        0.00000        0.00011
sort_by_valueIG             0.00        0.00           1        0.00000        0.00011
sort_by_value_lambda        0.00        0.00           1        0.00000        0.00011
(Other)                     0.00        0.00           1        0.00000        0.00004
--------------------  ----------  ----------  ----------  -------------  -------------
Total                       0.05        0.04           6        0.00781        0.00673
--------------------  ----------  ----------  ----------  -------------  -------------
