.FF.....
======================================================================
FAIL: test_asis_1 (__main__.TestColGroup)
----------------------------------------------------------------------
Traceback (most recent call last):
  File "..\test\tc_colgroup.py", line 45, in test_asis_1
    self._do_test_asis(1)
  File "..\test\tc_colgroup.py", line 31, in _do_test_asis
    self.assertEqual(exp_asis[i], len(grp.list_as_is()), 'Count rows')
AssertionError: 2 != 1 : Count rows

======================================================================
FAIL: test_by_key_0 (__main__.TestColGroup)
----------------------------------------------------------------------
Traceback (most recent call last):
  File "..\test\tc_colgroup.py", line 47, in test_by_key_0
    self._do_test_by_key(0)
  File "..\test\tc_colgroup.py", line 34, in _do_test_by_key
    self.assertEqual(expK[i], grp.sort_by_key(), 'Compare tuple-lists for key-sorting')
AssertionError: Lists differ: [('A', 2), ('Bx', 1), ('Cc', 1)] != [('A', 2), ('B', 1), ('Cc', 1)]

First differing element 1:
('Bx', 1)
('B', 1)

- [('A', 2), ('Bx', 1), ('Cc', 1)]
?               -

+ [('A', 2), ('B', 1), ('Cc', 1)] : Compare tuple-lists for key-sorting

----------------------------------------------------------------------
Ran 8 tests in 0.011s

FAILED (failures=2)
